[0831/173052.690:ERROR:crash_report_database_win.cc(428)] unexpected header
[0831/175931.655:ERROR:crash_report_database_win.cc(428)] unexpected header
[0831/180438.847:ERROR:crash_report_database_win.cc(428)] unexpected header
[0831/180559.701:ERROR:crash_report_database_win.cc(428)] unexpected header
[0831/181238.116:ERROR:crash_report_database_win.cc(428)] unexpected header
[0831/181717.971:ERROR:crash_report_database_win.cc(428)] unexpected header
[0901/150415.101:ERROR:crash_report_database_win.cc(428)] unexpected header
[0901/150652.730:ERROR:crash_report_database_win.cc(428)] unexpected header
[0901/170756.047:ERROR:crash_report_database_win.cc(428)] unexpected header
[0901/170941.388:ERROR:crash_report_database_win.cc(428)] unexpected header
[0901/171609.928:ERROR:crash_report_database_win.cc(428)] unexpected header
[0901/173028.538:ERROR:crash_report_database_win.cc(428)] unexpected header
[0901/184605.807:ERROR:crash_report_database_win.cc(428)] unexpected header
[0901/225521.305:ERROR:crash_report_database_win.cc(428)] unexpected header
[0902/103606.700:ERROR:crash_report_database_win.cc(428)] unexpected header
[0903/110638.950:ERROR:crash_report_database_win.cc(428)] unexpected header
[0904/110401.584:ERROR:crash_report_database_win.cc(428)] unexpected header
[0905/103201.339:ERROR:crash_report_database_win.cc(428)] unexpected header
[0907/171857.207:ERROR:crash_report_database_win.cc(428)] unexpected header
[0907/211215.037:ERROR:crash_report_database_win.cc(428)] unexpected header
[0907/211633.412:ERROR:crash_report_database_win.cc(428)] unexpected header
[0908/142754.397:ERROR:crash_report_database_win.cc(428)] unexpected header
[0908/172942.446:ERROR:crash_report_database_win.cc(428)] unexpected header
[0908/173123.888:ERROR:crash_report_database_win.cc(428)] unexpected header
[0909/120228.236:ERROR:crash_report_database_win.cc(428)] unexpected header
[0910/135625.997:ERROR:crash_report_database_win.cc(428)] unexpected header
[0910/164912.701:ERROR:crash_report_database_win.cc(428)] unexpected header
[0910/223822.470:ERROR:crash_report_database_win.cc(428)] unexpected header
[0911/102756.203:ERROR:crash_report_database_win.cc(428)] unexpected header
[0911/110626.442:ERROR:crash_report_database_win.cc(428)] unexpected header
[0911/145852.527:ERROR:crash_report_database_win.cc(428)] unexpected header
[0911/203152.096:ERROR:crash_report_database_win.cc(428)] unexpected header
[0911/211544.295:ERROR:crash_report_database_win.cc(428)] unexpected header
[0912/114742.918:ERROR:crash_report_database_win.cc(428)] unexpected header
[0912/184214.634:ERROR:crash_report_database_win.cc(428)] unexpected header
[0912/184844.105:ERROR:crash_report_database_win.cc(428)] unexpected header
[0913/155150.759:ERROR:crash_report_database_win.cc(428)] unexpected header
[0913/221526.445:ERROR:crash_report_database_win.cc(428)] unexpected header
[0913/224347.112:ERROR:crash_report_database_win.cc(428)] unexpected header
[0914/164252.718:ERROR:crash_report_database_win.cc(428)] unexpected header
[0915/162207.424:ERROR:crash_report_database_win.cc(428)] unexpected header
[0916/113322.625:ERROR:crash_report_database_win.cc(428)] unexpected header
[0917/113043.686:ERROR:crash_report_database_win.cc(428)] unexpected header
[0918/104959.819:ERROR:crash_report_database_win.cc(428)] unexpected header
[0919/103558.338:ERROR:crash_report_database_win.cc(428)] unexpected header
[0920/102745.195:ERROR:crash_report_database_win.cc(428)] unexpected header
[0921/115337.981:ERROR:crash_report_database_win.cc(428)] unexpected header
[0922/104459.319:ERROR:crash_report_database_win.cc(428)] unexpected header
[0922/172538.650:ERROR:crash_report_database_win.cc(428)] unexpected header
[0923/181506.098:ERROR:crash_report_database_win.cc(428)] unexpected header
[0925/110730.277:ERROR:crash_report_database_win.cc(428)] unexpected header
[0925/110942.245:ERROR:crash_report_database_win.cc(428)] unexpected header
[0925/172504.305:ERROR:crash_report_database_win.cc(428)] unexpected header
[0926/103305.704:ERROR:crash_report_database_win.cc(428)] unexpected header
[0926/194755.059:ERROR:crash_report_database_win.cc(428)] unexpected header
[0926/200033.312:ERROR:crash_report_database_win.cc(428)] unexpected header
[0926/210820.214:ERROR:crash_report_database_win.cc(428)] unexpected header
[0927/114003.015:ERROR:crash_report_database_win.cc(428)] unexpected header
[0927/233647.916:ERROR:crash_report_database_win.cc(428)] unexpected header
[0927/234048.585:ERROR:crash_report_database_win.cc(428)] unexpected header
[0929/163115.214:ERROR:crash_report_database_win.cc(428)] unexpected header
[0929/210509.375:ERROR:crash_report_database_win.cc(428)] unexpected header
[1001/110643.136:ERROR:crash_report_database_win.cc(428)] unexpected header
[1001/220933.719:ERROR:crash_report_database_win.cc(428)] unexpected header
[1002/104231.072:ERROR:crash_report_database_win.cc(428)] unexpected header
[1002/220622.972:ERROR:crash_report_database_win.cc(428)] unexpected header
[1003/105558.689:ERROR:crash_report_database_win.cc(428)] unexpected header
[1003/215421.138:ERROR:crash_report_database_win.cc(428)] unexpected header
[1004/120832.724:ERROR:crash_report_database_win.cc(428)] unexpected header
[1004/173206.416:ERROR:crash_report_database_win.cc(428)] unexpected header
[1005/105809.540:ERROR:crash_report_database_win.cc(428)] unexpected header
[1006/135901.462:ERROR:crash_report_database_win.cc(428)] unexpected header
[1006/140256.738:ERROR:crash_report_database_win.cc(428)] unexpected header
[1006/172019.008:ERROR:crash_report_database_win.cc(428)] unexpected header
[0914/190437.489:ERROR:process_reader_win.cc(123)] NtOpenThread: {Access Denied} A process has requested access to an object, but has not been granted those access rights. (0xc0000022)
[0914/190437.946:ERROR:exception_snapshot_win.cc(99)] thread ID 20552 not found in process
[0914/190437.946:ERROR:scoped_process_suspend.cc(40)] NtResumeProcess: An attempt was made to access an exiting process. (0xc000010a)
[0914/190438.041:ERROR:scoped_process_suspend.cc(31)] NtSuspendProcess: An attempt was made to access an exiting process. (0xc000010a)
[0914/190438.087:ERROR:process_info.cc(118)] ReadProcessMemory bool __cdecl crashpad::(anonymous namespace)::ReadStruct(HANDLE, crashpad::WinVMAddress, T *) [T = crashpad::process_types::PEB<crashpad::process_types::internal::Traits64>]: Only part of a ReadProcessMemory or WriteProcessMemory request was completed. (0x12B)
[0914/190438.087:ERROR:process_info.cc(551)] ReadProcessData failed
